{"C:\\Users\\vinay\\Desktop\\NR\\nr4\\src\\components\\Header.js": {"path":"C:\\Users\\vinay\\Desktop\\NR\\nr4\\src\\components\\Header.js","statementMap":{"0":{"start":{"line":7,"column":15},"end":{"line":64,"column":1}},"1":{"start":{"line":8,"column":38},"end":{"line":8,"column":55}},"2":{"start":{"line":9,"column":27},"end":{"line":9,"column":50}},"3":{"start":{"line":10,"column":23},"end":{"line":10,"column":40}},"4":{"start":{"line":11,"column":20},"end":{"line":11,"column":60}},"5":{"start":{"line":11,"column":43},"end":{"line":11,"column":59}},"6":{"start":{"line":12,"column":2},"end":{"line":63,"column":4}},"7":{"start":{"line":52,"column":14},"end":{"line":54,"column":39}}},"fnMap":{"0":{"name":"(anonymous_0)","decl":{"start":{"line":7,"column":15},"end":{"line":7,"column":16}},"loc":{"start":{"line":7,"column":21},"end":{"line":64,"column":1}},"line":7},"1":{"name":"(anonymous_1)","decl":{"start":{"line":11,"column":32},"end":{"line":11,"column":33}},"loc":{"start":{"line":11,"column":43},"end":{"line":11,"column":59}},"line":11},"2":{"name":"(anonymous_2)","decl":{"start":{"line":51,"column":21},"end":{"line":51,"column":22}},"loc":{"start":{"line":51,"column":27},"end":{"line":55,"column":13}},"line":51}},"branchMap":{"0":{"loc":{"start":{"line":20,"column":26},"end":{"line":20,"column":53}},"type":"cond-expr","locations":[{"start":{"line":20,"column":41},"end":{"line":20,"column":46}},{"start":{"line":20,"column":49},"end":{"line":20,"column":53}}],"line":20},"1":{"loc":{"start":{"line":52,"column":14},"end":{"line":54,"column":38}},"type":"cond-expr","locations":[{"start":{"line":53,"column":18},"end":{"line":53,"column":39}},{"start":{"line":54,"column":18},"end":{"line":54,"column":38}}],"line":52}},"s":{"0":1,"1":4,"2":4,"3":4,"4":4,"5":7,"6":4,"7":1},"f":{"0":4,"1":7,"2":1},"b":{"0":[4,0],"1":[1,0]},"_coverageSchema":"1a1c01bbd47fc00a2c39e90264f33305004495a9","hash":"259049ed2546c5b1501e19af7b1da44a6aa65b2d"}
,"C:\\Users\\vinay\\Desktop\\NR\\nr4\\src\\components\\ItemList.js": {"path":"C:\\Users\\vinay\\Desktop\\NR\\nr4\\src\\components\\ItemList.js","statementMap":{"0":{"start":{"line":5,"column":17},"end":{"line":49,"column":1}},"1":{"start":{"line":6,"column":19},"end":{"line":6,"column":32}},"2":{"start":{"line":7,"column":24},"end":{"line":9,"column":3}},"3":{"start":{"line":8,"column":4},"end":{"line":8,"column":29}},"4":{"start":{"line":10,"column":2},"end":{"line":12,"column":3}},"5":{"start":{"line":11,"column":4},"end":{"line":11,"column":37}},"6":{"start":{"line":13,"column":2},"end":{"line":48,"column":4}},"7":{"start":{"line":16,"column":8},"end":{"line":45,"column":14}},"8":{"start":{"line":37,"column":31},"end":{"line":37,"column":50}}},"fnMap":{"0":{"name":"(anonymous_0)","decl":{"start":{"line":5,"column":17},"end":{"line":5,"column":18}},"loc":{"start":{"line":5,"column":32},"end":{"line":49,"column":1}},"line":5},"1":{"name":"(anonymous_1)","decl":{"start":{"line":7,"column":24},"end":{"line":7,"column":25}},"loc":{"start":{"line":7,"column":34},"end":{"line":9,"column":3}},"line":7},"2":{"name":"(anonymous_2)","decl":{"start":{"line":15,"column":17},"end":{"line":15,"column":18}},"loc":{"start":{"line":16,"column":8},"end":{"line":45,"column":14}},"line":16},"3":{"name":"(anonymous_3)","decl":{"start":{"line":37,"column":25},"end":{"line":37,"column":26}},"loc":{"start":{"line":37,"column":31},"end":{"line":37,"column":50}},"line":37}},"branchMap":{"0":{"loc":{"start":{"line":10,"column":2},"end":{"line":12,"column":3}},"type":"if","locations":[{"start":{"line":10,"column":2},"end":{"line":12,"column":3}},{"start":{},"end":{}}],"line":10},"1":{"loc":{"start":{"line":10,"column":6},"end":{"line":10,"column":34}},"type":"binary-expr","locations":[{"start":{"line":10,"column":6},"end":{"line":10,"column":12}},{"start":{"line":10,"column":16},"end":{"line":10,"column":34}}],"line":10},"2":{"loc":{"start":{"line":26,"column":17},"end":{"line":28,"column":53}},"type":"cond-expr","locations":[{"start":{"line":27,"column":20},"end":{"line":27,"column":46}},{"start":{"line":28,"column":20},"end":{"line":28,"column":53}}],"line":26}},"s":{"0":1,"1":0,"2":0,"3":0,"4":0,"5":0,"6":0,"7":0,"8":0},"f":{"0":0,"1":0,"2":0,"3":0},"b":{"0":[0,0],"1":[0,0],"2":[0,0]},"_coverageSchema":"1a1c01bbd47fc00a2c39e90264f33305004495a9","hash":"3ff54d34a0ce28e6ad388b58be3b92f580225d90"}
,"C:\\Users\\vinay\\Desktop\\NR\\nr4\\src\\components\\RestrauntCard.js": {"path":"C:\\Users\\vinay\\Desktop\\NR\\nr4\\src\\components\\RestrauntCard.js","statementMap":{"0":{"start":{"line":5,"column":22},"end":{"line":39,"column":3}},"1":{"start":{"line":6,"column":24},"end":{"line":6,"column":29}},"2":{"start":{"line":7,"column":4},"end":{"line":7,"column":25}},"3":{"start":{"line":8,"column":25},"end":{"line":8,"column":48}},"4":{"start":{"line":9,"column":69},"end":{"line":9,"column":86}},"5":{"start":{"line":10,"column":22},"end":{"line":10,"column":44}},"6":{"start":{"line":11,"column":4},"end":{"line":36,"column":6}},"7":{"start":{"line":40,"column":37},"end":{"line":50,"column":5}},"8":{"start":{"line":41,"column":8},"end":{"line":49,"column":7}},"9":{"start":{"line":42,"column":10},"end":{"line":47,"column":9}}},"fnMap":{"0":{"name":"(anonymous_0)","decl":{"start":{"line":5,"column":22},"end":{"line":5,"column":23}},"loc":{"start":{"line":5,"column":33},"end":{"line":39,"column":3}},"line":5},"1":{"name":"(anonymous_1)","decl":{"start":{"line":40,"column":37},"end":{"line":40,"column":38}},"loc":{"start":{"line":40,"column":54},"end":{"line":50,"column":5}},"line":40},"2":{"name":"(anonymous_2)","decl":{"start":{"line":41,"column":15},"end":{"line":41,"column":16}},"loc":{"start":{"line":41,"column":24},"end":{"line":49,"column":7}},"line":41}},"branchMap":{"0":{"loc":{"start":{"line":9,"column":33},"end":{"line":9,"column":44}},"type":"default-arg","locations":[{"start":{"line":9,"column":42},"end":{"line":9,"column":44}}],"line":9},"1":{"loc":{"start":{"line":9,"column":55},"end":{"line":9,"column":67}},"type":"default-arg","locations":[{"start":{"line":9,"column":62},"end":{"line":9,"column":67}}],"line":9},"2":{"loc":{"start":{"line":9,"column":69},"end":{"line":9,"column":86}},"type":"binary-expr","locations":[{"start":{"line":9,"column":69},"end":{"line":9,"column":82}},{"start":{"line":9,"column":84},"end":{"line":9,"column":86}}],"line":9},"3":{"loc":{"start":{"line":10,"column":22},"end":{"line":10,"column":44}},"type":"binary-expr","locations":[{"start":{"line":10,"column":22},"end":{"line":10,"column":40}},{"start":{"line":10,"column":42},"end":{"line":10,"column":44}}],"line":10}},"s":{"0":1,"1":2,"2":2,"3":2,"4":2,"5":2,"6":2,"7":1,"8":0,"9":0},"f":{"0":2,"1":0,"2":0},"b":{"0":[0],"1":[0],"2":[2,0],"3":[2,0]},"_coverageSchema":"1a1c01bbd47fc00a2c39e90264f33305004495a9","hash":"212fb4d2faf0a9ba60c04800f1c87d8381af6c41"}
,"C:\\Users\\vinay\\Desktop\\NR\\nr4\\src\\components\\contact.js": {"path":"C:\\Users\\vinay\\Desktop\\NR\\nr4\\src\\components\\contact.js","statementMap":{"0":{"start":{"line":1,"column":16},"end":{"line":12,"column":1}},"1":{"start":{"line":2,"column":2},"end":{"line":11,"column":3}}},"fnMap":{"0":{"name":"(anonymous_0)","decl":{"start":{"line":1,"column":16},"end":{"line":1,"column":17}},"loc":{"start":{"line":1,"column":22},"end":{"line":12,"column":1}},"line":1}},"branchMap":{},"s":{"0":1,"1":3},"f":{"0":3},"b":{},"_coverageSchema":"1a1c01bbd47fc00a2c39e90264f33305004495a9","hash":"38ababe6aeeaa9c58027e720cf22c0657a13c029"}
,"C:\\Users\\vinay\\Desktop\\NR\\nr4\\src\\components\\sum.js": {"path":"C:\\Users\\vinay\\Desktop\\NR\\nr4\\src\\components\\sum.js","statementMap":{"0":{"start":{"line":1,"column":10},"end":{"line":3,"column":1}},"1":{"start":{"line":2,"column":4},"end":{"line":2,"column":15}}},"fnMap":{"0":{"name":"(anonymous_0)","decl":{"start":{"line":1,"column":10},"end":{"line":1,"column":11}},"loc":{"start":{"line":1,"column":17},"end":{"line":3,"column":1}},"line":1}},"branchMap":{},"s":{"0":1,"1":1},"f":{"0":1},"b":{},"_coverageSchema":"1a1c01bbd47fc00a2c39e90264f33305004495a9","hash":"7cd9632c5a79fdf9b18ce2f9ba25fed70998941c"}
,"C:\\Users\\vinay\\Desktop\\NR\\nr4\\src\\utils\\appStore.js": {"path":"C:\\Users\\vinay\\Desktop\\NR\\nr4\\src\\utils\\appStore.js","statementMap":{"0":{"start":{"line":3,"column":16},"end":{"line":7,"column":2}}},"fnMap":{},"branchMap":{},"s":{"0":1},"f":{},"b":{},"_coverageSchema":"1a1c01bbd47fc00a2c39e90264f33305004495a9","hash":"1a7f2272d9c79c8f0493407d264521a4d3f06a01"}
,"C:\\Users\\vinay\\Desktop\\NR\\nr4\\src\\utils\\cartSlice.js": {"path":"C:\\Users\\vinay\\Desktop\\NR\\nr4\\src\\utils\\cartSlice.js","statementMap":{"0":{"start":{"line":3,"column":16},"end":{"line":19,"column":2}},"1":{"start":{"line":10,"column":12},"end":{"line":10,"column":44}},"2":{"start":{"line":13,"column":12},"end":{"line":13,"column":29}},"3":{"start":{"line":16,"column":12},"end":{"line":16,"column":32}},"4":{"start":{"line":22,"column":45},"end":{"line":22,"column":62}}},"fnMap":{"0":{"name":"(anonymous_0)","decl":{"start":{"line":9,"column":17},"end":{"line":9,"column":18}},"loc":{"start":{"line":9,"column":33},"end":{"line":11,"column":9}},"line":9},"1":{"name":"(anonymous_1)","decl":{"start":{"line":12,"column":19},"end":{"line":12,"column":20}},"loc":{"start":{"line":12,"column":28},"end":{"line":14,"column":9}},"line":12},"2":{"name":"(anonymous_2)","decl":{"start":{"line":15,"column":18},"end":{"line":15,"column":19}},"loc":{"start":{"line":15,"column":27},"end":{"line":17,"column":9}},"line":15}},"branchMap":{},"s":{"0":2,"1":0,"2":0,"3":0,"4":2},"f":{"0":0,"1":0,"2":0},"b":{},"_coverageSchema":"1a1c01bbd47fc00a2c39e90264f33305004495a9","hash":"50b54cbdf13f5997ec0cf96234a5c0939fd229c5"}
,"C:\\Users\\vinay\\Desktop\\NR\\nr4\\src\\utils\\constants.js": {"path":"C:\\Users\\vinay\\Desktop\\NR\\nr4\\src\\utils\\constants.js","statementMap":{"0":{"start":{"line":1,"column":22},"end":{"line":1,"column":105}},"1":{"start":{"line":2,"column":23},"end":{"line":2,"column":132}},"2":{"start":{"line":3,"column":18},"end":{"line":3,"column":147}}},"fnMap":{},"branchMap":{},"s":{"0":3,"1":3,"2":3},"f":{},"b":{},"_coverageSchema":"1a1c01bbd47fc00a2c39e90264f33305004495a9","hash":"23017f99859d24ddedb9d0486e79839a47505053"}
,"C:\\Users\\vinay\\Desktop\\NR\\nr4\\src\\utils\\useOnlineStatus.js": {"path":"C:\\Users\\vinay\\Desktop\\NR\\nr4\\src\\utils\\useOnlineStatus.js","statementMap":{"0":{"start":{"line":3,"column":1},"end":{"line":16,"column":1}},"1":{"start":{"line":5,"column":40},"end":{"line":5,"column":54}},"2":{"start":{"line":6,"column":4},"end":{"line":13,"column":9}},"3":{"start":{"line":7,"column":8},"end":{"line":9,"column":10}},"4":{"start":{"line":8,"column":12},"end":{"line":8,"column":34}},"5":{"start":{"line":10,"column":8},"end":{"line":12,"column":10}},"6":{"start":{"line":11,"column":12},"end":{"line":11,"column":35}},"7":{"start":{"line":15,"column":2},"end":{"line":15,"column":22}}},"fnMap":{"0":{"name":"(anonymous_0)","decl":{"start":{"line":3,"column":17},"end":{"line":3,"column":18}},"loc":{"start":{"line":3,"column":22},"end":{"line":16,"column":1}},"line":3},"1":{"name":"(anonymous_1)","decl":{"start":{"line":6,"column":14},"end":{"line":6,"column":15}},"loc":{"start":{"line":6,"column":18},"end":{"line":13,"column":5}},"line":6},"2":{"name":"(anonymous_2)","decl":{"start":{"line":7,"column":41},"end":{"line":7,"column":42}},"loc":{"start":{"line":7,"column":50},"end":{"line":9,"column":9}},"line":7},"3":{"name":"(anonymous_3)","decl":{"start":{"line":10,"column":42},"end":{"line":10,"column":43}},"loc":{"start":{"line":10,"column":51},"end":{"line":12,"column":9}},"line":10}},"branchMap":{},"s":{"0":1,"1":4,"2":4,"3":3,"4":0,"5":3,"6":0,"7":4},"f":{"0":4,"1":3,"2":0,"3":0},"b":{},"_coverageSchema":"1a1c01bbd47fc00a2c39e90264f33305004495a9","hash":"b95af4de8556cf8cbf3df0e3a97a360613b55302"}
,"C:\\Users\\vinay\\Desktop\\NR\\nr4\\src\\utils\\userContext.js": {"path":"C:\\Users\\vinay\\Desktop\\NR\\nr4\\src\\utils\\userContext.js","statementMap":{"0":{"start":{"line":2,"column":18},"end":{"line":4,"column":2}}},"fnMap":{},"branchMap":{},"s":{"0":2},"f":{},"b":{},"_coverageSchema":"1a1c01bbd47fc00a2c39e90264f33305004495a9","hash":"ad495cb9fde1368cc716914e1a46278e33704ce0"}
}
