TN:
SF:src\components\Body.js
FN:10,(anonymous_0)
FN:17,(anonymous_1)
FN:22,(anonymous_2)
FN:60,(anonymous_3)
FN:65,(anonymous_4)
FN:67,(anonymous_5)
FN:77,(anonymous_6)
FN:79,(anonymous_7)
FN:91,(anonymous_8)
FN:97,(anonymous_9)
FNF:10
FNH:3
FNDA:4,(anonymous_0)
FNDA:1,(anonymous_1)
FNDA:1,(anonymous_2)
FNDA:0,(anonymous_3)
FNDA:0,(anonymous_4)
FNDA:0,(anonymous_5)
FNDA:0,(anonymous_6)
FNDA:0,(anonymous_7)
FNDA:0,(anonymous_8)
FNDA:0,(anonymous_9)
DA:8,1
DA:10,1
DA:12,4
DA:14,3
DA:16,3
DA:17,3
DA:18,1
DA:22,3
DA:23,1
DA:26,1
DA:27,1
DA:28,1
DA:31,1
DA:36,3
DA:38,3
DA:40,3
DA:41,0
DA:50,3
DA:61,0
DA:66,0
DA:67,0
DA:68,0
DA:70,0
DA:78,0
DA:79,0
DA:81,0
DA:91,0
DA:98,0
LF:28
LH:17
BRDA:40,0,0,0
BRDA:40,0,1,3
BRDA:50,1,0,1
BRDA:50,1,1,0
BRDA:99,2,0,0
BRDA:99,2,1,0
BRF:6
BRH:2
end_of_record
TN:
SF:src\components\Header.js
FN:7,(anonymous_0)
FN:11,(anonymous_1)
FN:51,(anonymous_2)
FNF:3
FNH:3
FNDA:4,(anonymous_0)
FNDA:7,(anonymous_1)
FNDA:1,(anonymous_2)
DA:7,1
DA:8,4
DA:9,4
DA:10,4
DA:11,7
DA:12,4
DA:52,1
LF:7
LH:7
BRDA:20,0,0,4
BRDA:20,0,1,0
BRDA:52,1,0,1
BRDA:52,1,1,0
BRF:4
BRH:2
end_of_record
TN:
SF:src\components\ItemList.js
FN:5,(anonymous_0)
FN:7,(anonymous_1)
FN:15,(anonymous_2)
FN:37,(anonymous_3)
FNF:4
FNH:0
FNDA:0,(anonymous_0)
FNDA:0,(anonymous_1)
FNDA:0,(anonymous_2)
FNDA:0,(anonymous_3)
DA:5,1
DA:6,0
DA:7,0
DA:8,0
DA:10,0
DA:11,0
DA:13,0
DA:16,0
DA:37,0
LF:9
LH:1
BRDA:10,0,0,0
BRDA:10,0,1,0
BRDA:10,1,0,0
BRDA:10,1,1,0
BRDA:26,2,0,0
BRDA:26,2,1,0
BRF:6
BRH:0
end_of_record
TN:
SF:src\components\RestrauntCard.js
FN:5,(anonymous_0)
FN:40,(anonymous_1)
FN:41,(anonymous_2)
FNF:3
FNH:2
FNDA:1,(anonymous_0)
FNDA:1,(anonymous_1)
FNDA:0,(anonymous_2)
DA:5,2
DA:6,1
DA:7,1
DA:8,1
DA:9,1
DA:10,1
DA:11,1
DA:40,2
DA:41,1
DA:42,0
LF:10
LH:9
BRDA:9,0,0,0
BRDA:9,1,0,0
BRDA:9,2,0,1
BRDA:9,2,1,0
BRDA:10,3,0,1
BRDA:10,3,1,0
BRF:6
BRH:2
end_of_record
TN:
SF:src\components\contact.js
FN:1,(anonymous_0)
FNF:1
FNH:1
FNDA:3,(anonymous_0)
DA:1,1
DA:2,3
LF:2
LH:2
BRF:0
BRH:0
end_of_record
TN:
SF:src\components\shimmar.js
FN:1,(anonymous_0)
FNF:1
FNH:1
FNDA:1,(anonymous_0)
DA:1,1
DA:2,1
LF:2
LH:2
BRF:0
BRH:0
end_of_record
TN:
SF:src\components\sum.js
FN:1,(anonymous_0)
FNF:1
FNH:1
FNDA:1,(anonymous_0)
DA:1,1
DA:2,1
LF:2
LH:2
BRF:0
BRH:0
end_of_record
TN:
SF:src\utils\appStore.js
FNF:0
FNH:0
DA:3,1
LF:1
LH:1
BRF:0
BRH:0
end_of_record
TN:
SF:src\utils\cartSlice.js
FN:9,(anonymous_0)
FN:12,(anonymous_1)
FN:15,(anonymous_2)
FNF:3
FNH:0
FNDA:0,(anonymous_0)
FNDA:0,(anonymous_1)
FNDA:0,(anonymous_2)
DA:3,2
DA:10,0
DA:13,0
DA:16,0
DA:22,2
LF:5
LH:2
BRF:0
BRH:0
end_of_record
TN:
SF:src\utils\constants.js
FNF:0
FNH:0
DA:1,4
DA:2,4
DA:3,4
LF:3
LH:3
BRF:0
BRH:0
end_of_record
TN:
SF:src\utils\useOnlineStatus.js
FN:3,(anonymous_0)
FN:6,(anonymous_1)
FN:7,(anonymous_2)
FN:10,(anonymous_3)
FNF:4
FNH:2
FNDA:7,(anonymous_0)
FNDA:4,(anonymous_1)
FNDA:0,(anonymous_2)
FNDA:0,(anonymous_3)
DA:3,2
DA:5,7
DA:6,7
DA:7,4
DA:8,0
DA:10,4
DA:11,0
DA:15,7
LF:8
LH:6
BRF:0
BRH:0
end_of_record
TN:
SF:src\utils\userContext.js
FNF:0
FNH:0
DA:2,3
LF:1
LH:1
BRF:0
BRH:0
end_of_record
